Utils/build/outputs/logs/manifest-merger-debug-report.txt
-- Merging decision tree log ---
manifest
ADDED from src/main/AndroidManifest.xml:1:1-22:12
INJECTED from src/main/AndroidManifest.xml:1:1-22:12
INJECTED from src/main/AndroidManifest.xml:1:1-22:12
INJECTED from src/main/AndroidManifest.xml:1:1-22:12
INJECTED from src/main/AndroidManifest.xml:1:1-22:12
INJECTED from src/main/AndroidManifest.xml:1:1-22:12
INJECTED from src/main/AndroidManifest.xml:1:1-22:12
	package
		ADDED from src/main/AndroidManifest.xml:1:70-96
		INJECTED from src/main/AndroidManifest.xml
		INJECTED from src/main/AndroidManifest.xml
	android:versionName
		INJECTED from src/main/AndroidManifest.xml
		ADDED from src/main/AndroidManifest.xml:1:1-22:12
		INJECTED from src/main/AndroidManifest.xml
	android:versionCode
		INJECTED from src/main/AndroidManifest.xml
		ADDED from src/main/AndroidManifest.xml:1:1-22:12
		INJECTED from src/main/AndroidManifest.xml
	xmlns:android
		ADDED from src/main/AndroidManifest.xml:1:11-69
uses-permission#android.permission.INTERNET
ADDED from src/main/AndroidManifest.xml:16:5-66
	android:name
		ADDED from src/main/AndroidManifest.xml:16:22-64
application
ADDED from src/main/AndroidManifest.xml:17:5-21:19
	android:supportsRtl
		ADDED from src/main/AndroidManifest.xml:19:13-39
	android:allowBackup
		ADDED from src/main/AndroidManifest.xml:18:13-39
uses-sdk
INJECTED from src/main/AndroidManifest.xml reason: use-sdk injection requested
INJECTED from src/main/AndroidManifest.xml
INJECTED from src/main/AndroidManifest.xml
INJECTED from src/main/AndroidManifest.xml
INJECTED from src/main/AndroidManifest.xml
	android:targetSdkVersion
		INJECTED from src/main/AndroidManifest.xml
		ADDED from src/main/AndroidManifest.xml
		INJECTED from src/main/AndroidManifest.xml
	android:minSdkVersion
		INJECTED from src/main/AndroidManifest.xml
		ADDED from src/main/AndroidManifest.xml
		INJECTED from src/main/AndroidManifest.xml